start Tue Jun  2 23:49:23     2026
  + hist.roman-empire: reply «L'Impero Romano č stato un vasto regno costituito » ask 5/5 (30s)
  + hist.ancient-egypt: reply «L'antico Egitto č un periodo storico che si estend» ask 10/10 (27s)
  + hist.ancient-greece: reply «L'antica Grecia č un periodo storico che copre il » ask 11/11 (30s)
  + hist.middle-ages: reply «Il Medioevo č un periodo storico che va dal 501 al» ask 10/10 (25s)
  + hist.renaissance: reply «Il Rinascimento fu un periodo di floreazione artis» ask 11/11 (32s)
  + hist.french-revolution: reply «La Rivoluzione Francese fu un evento storico che h» ask 10/10 (29s)
  + hist.industrial-revolution: reply «La Rivoluzione Industriale fu un periodo di grande» ask 10/10 (30s)
  + hist.ww1: reply «La Prima Guerra Mondiale fu un conflitto armato tr» ask 10/10 (29s)
  + hist.ww2: reply «La Seconda Guerra Mondiale fu un conflitto mondial» ask 10/10 (26s)
  + hist.cold-war: reply «La Guerra Fredda fu una crisi geopolitica tra i bl» ask 6/6 (25s)
  + hist.printing-press: reply «The Gutenberg's printing press was a revolutionary» ask 10/10 (24s)
  + hist.discovery-america: reply «The discovery of America in 1492 marked the beginn» ask 10/10 (31s)
  + hist.moon-landing: reply «1969 fu l'anno del primo sbarco sulla Luna.» ask 5/5 (21s)
  + hist.fall-of-rome: reply «La caduta dell'Impero Romano d'Occidente si č veri» ask 4/4 (20s)
  + tech.ai: reply «Artificial Intelligence č il campo che studia come» ask 10/10 (23s)
  + tech.machine-learning: reply «Machine learning č un ramo dell'intelligenza artif» ask 10/10 (33s)
  + tech.internet: reply «The internet is a global network of interconnected» ask 11/11 (31s)
  + tech.computer: reply «Il computer č un dispositivo elettronico che elabo» ask 10/10 (25s)
  + tech.smartphone: reply «Il smartphone č un dispositivo portatile con conne» ask 10/10 (25s)
  + tech.gps: reply «Il GPS č un sistema di posizionamento globale che » ask 11/11 (27s)
  + tech.encryption: reply «La crittografia č la scienza del codice che proteg» ask 5/5 (22s)
  + tech.database: reply «A database is a structured collection of data.» ask 11/11 (27s)
  + tech.cloud: reply «Cloud computing č la pratica di utilizzare i servi» ask 6/6 (26s)
  + tech.open-source: reply «Open source software č un tipo di programmazione c» ask 10/10 (31s)
  + tech.blockchain: reply «La blockchain č una tecnologia che registra transa» ask 10/10 (29s)
  + tech.renewable-energy: reply «Le energie rinnovabili sono fonti di energia che n» ask 10/10 (30s)
  + tech.electric-car: reply «L'auto elettrica č un veicolo che utilizza batteri» ask 10/10 (36s)
  + tech.solar-panel: reply «Il pannello solare č un dispositivo che converte l» ask 10/10 (37s)
  + tech.robot: reply «Un robot č un dispositivo meccanico programmato pe» ask 10/10 (27s)
  + civ.democracy: reply «La democrazia č un sistema di governo in cui le de» ask 5/5 (23s)
  + civ.government: reply «Il governo č il sistema di gestione del potere pub» ask 6/6 (21s)
  + civ.law: reply «La legge č un insieme di regole che regolano le in» ask 10/10 (26s)
  + civ.election: reply «Le elezioni sono un processo democratico attravers» ask 10/10 (30s)
  + civ.money: reply «Il denaro č una forma di scambio utilizzata per co» ask 10/10 (27s)
  + civ.inflation: reply «L'inflazione č l'aumento del prezzo dei beni e ser» ask 5/5 (20s)
  + civ.tax: reply «Le tasse sono l'importo di denaro che le persone e» ask 10/10 (33s)
  + civ.bank: reply «Una banca č un istituto finanziario che gestisce c» ask 10/10 (32s)
  + civ.gdp: reply «Il PIL č una misura dell'attivitŕ economica di un » ask 10/10 (31s)
  + civ.un: reply «The United Nations is an international organizatio» ask 5/5 (22s)
  + civ.eu: reply «The European Union is a political and economic uni» ask 10/10 (28s)
  + civ.human-rights: reply «I diritti umani sono i fondamenti per il trattamen» ask 5/5 (21s)
  + sci.virus: reply «A virus is a type of microorganism that can infect» ask 10/10 (21s)
  + sci.bacteria: reply «Le batterie sono piccoli organismi viventi che pos» ask 11/11 (30s)
  + sci.vaccine: reply «A vaccine is a biological preparation that stimula» ask 11/11 (28s)
  + sci.gene: reply «Un gene č una sequenza di DNA che codifica per un » ask 10/10 (32s)
  + sci.brain: reply «Il cervello č l'organismo piů complesso del corpo » ask 6/6 (19s)
  + sci.heart: reply «Il cuore č una pompa che bomboleggia sangue nel co» ask 5/5 (17s)
  + sci.blood: reply «Il sangue č un fluido viscoso contenente cellule r» ask 10/10 (28s)
  + sci.immune-system: reply «Il sistema immunitario č il meccanismo biologico c» ask 10/0 (32s)
  + sci.greenhouse-effect: reply «L'effetto serra č un fenomeno naturale che mantien» ask 10/10 (34s)
  + sci.climate-change: reply «The climate change refers to the long-term alterat» ask 10/10 (26s)
  + sci.ecosystem: reply «Un ecosistema č un insieme di organismi viventi in» ask 10/10 (30s)
  + sci.food-chain: reply «La catena alimentare č una sequenza di organismi c» ask 10/10 (36s)
  + sci.periodic-table: reply «La tavola periodica degli elementi č una tabella c» ask 10/10 (33s)
  + sci.molecule: reply «Una molecola č l'unitŕ fondamentale di una sostanz» ask 10/10 (28s)
  + sci.galaxy: reply «Una galassia č un sistema di stelle e gas che si g» ask 10/10 (30s)
  + sci.big-bang: reply «Il Big Bang č l'evento ipotizzato che ha avuto ini» ask 10/10 (36s)
  + sci.black-hole: reply «Un buco nero č una regione dello spazio dove la gr» ask 10/10 (32s)
  + health.nutrition: reply «Healthy nutrition involves eating a balanced diet » ask 10/10 (27s)
  + health.vitamins: reply «Le vitamine sono sostanze essenziali per la salute» ask 10/10 (33s)
  + health.exercise: reply «Physical exercise is any bodily activity that enha» ask 10/10 (31s)
  + health.sleep: reply «Il sonno č un periodo di inattivitŕ fisica e menta» ask 11/11 (31s)
  + health.hydration: reply «L'acqua č essenziale per la vita.» ask 10/10 (27s)
  + health.calories: reply «Le calorie sono unitŕ di energia necessarie per el» ask 10/10 (32s)
  + geo.equator: reply «The equator is an imaginary line that circles the » ask 10/10 (25s)
  + geo.poles: reply «The poles are the Earth's two points furthest from» ask 5/5 (17s)
  + geo.timezones: reply «I fusi orari sono zone geografiche che hanno un or» ask 5/5 (21s)
  + geo.tectonic-plates: reply «Le placche tettoniche sono grandi masse di roccia » ask 10/10 (36s)
  + geo.volcano: reply «A volcano is a mountain with an opening through wh» ask 10/10 (28s)
  + geo.earthquake: reply «An earthquake is a sudden shaking of the ground ca» ask 10/10 (32s)
  + geo.climate-zones: reply «Le zone climatiche sono aree geografiche caratteri» ask 6/6 (21s)
  + cult.musical-notes: reply «Le note musicali sono i suoni fondamentali che cos» ask 10/10 (31s)
  + cult.philosophy: reply «La filosofia č la scienza dell'essere, delle conos» ask 10/10 (30s)
  + cult.olympics: reply «I Giochi Olimpici sono le piů grandi manifestazion» ask 10/10 (32s)
  + cult.painting: reply «La pittura č una forma di arte visiva che utilizza» ask 7/7 (21s)
  + cult.literature: reply «La letteratura č un genere di arte che utilizza la» ask 10/10 (34s)
[seed] drafted 76 new card(s) into G:\Nucleo\tools\anima\drafts/ — REVIEW before promoting
DONE Wed Jun  3 00:24:44     2026
